#
# There is insufficient memory for the Java Runtime Environment to continue.
# Native memory allocation (mmap) failed to map 266338304 bytes for G1 virtual space
# Possible reasons:
#   The system is out of physical RAM or swap space
#   The process is running with CompressedOops enabled, and the Java Heap may be blocking the growth of the native heap
# Possible solutions:
#   Reduce memory load on the system
#   Increase physical memory or swap space
#   Check if swap backing store is full
#   Decrease Java heap size (-Xmx/-Xms)
#   Decrease number of Java threads
#   Decrease Java thread stack sizes (-Xss)
#   Set larger code cache with -XX:ReservedCodeCacheSize=
#   JVM is running with Zero Based Compressed Oops mode in which the Java heap is
#     placed in the first 32GB address space. The Java Heap base address is the
#     maximum limit for the native heap growth. Please use -XX:HeapBaseMinAddress
#     to set the Java Heap base and to place the Java Heap above 32GB virtual address.
# This output file may be truncated or incomplete.
#
#  Out of Memory Error (os_windows.cpp:3541), pid=22976, tid=12868
#
# JRE version:  (17.0.4.1+1) (build )
# Java VM: OpenJDK 64-Bit Server VM (17.0.4.1+1, mixed mode, sharing, tiered, compressed oops, compressed class ptrs, g1 gc, windows-amd64)
# No core dump will be written. Minidumps are not enabled by default on client versions of Windows
#

---------------  S U M M A R Y ------------

Command Line: -ea -XX:+ShowCodeDetailsInExceptionMessages -Dfile.encoding=UTF-8 org.eclipse.jdt.internal.junit.runner.RemoteTestRunner -version 3 -port 50684 -testLoaderClass org.eclipse.jdt.internal.junit5.runner.JUnit5TestLoader -loaderpluginname org.eclipse.jdt.junit5.runtime -testNameFile C:\Users\User\AppData\Local\Temp\testNames15198642005510935115.txt

Host: Intel(R) Core(TM) i5-8250U CPU @ 1.60GHz, 8 cores, 15G,  Windows 11 , 64 bit Build 22621 (10.0.22621.1635)
Time: Sat May 27 23:37:16 2023  Windows 11 , 64 bit Build 22621 (10.0.22621.1635) elapsed time: 0.040154 seconds (0d 0h 0m 0s)

---------------  T H R E A D  ---------------

Current thread (0x000001a5fa3f11c0):  JavaThread "Unknown thread" [_thread_in_vm, id=12868, stack(0x0000001e96000000,0x0000001e96100000)]

Stack: [0x0000001e96000000,0x0000001e96100000]
Native frames: (J=compiled Java code, j=interpreted, Vv=VM code, C=native code)
V  [jvm.dll+0x67731a]
V  [jvm.dll+0x832284]
V  [jvm.dll+0x833a2e]
V  [jvm.dll+0x834093]
V  [jvm.dll+0x245775]
V  [jvm.dll+0x674209]
V  [jvm.dll+0x668a92]
V  [jvm.dll+0x30471b]
V  [jvm.dll+0x30bc66]
V  [jvm.dll+0x35ba9e]
V  [jvm.dll+0x35bccf]
V  [jvm.dll+0x2db5b8]
V  [jvm.dll+0x2dc524]
V  [jvm.dll+0x803db1]
V  [jvm.dll+0x3698f1]
V  [jvm.dll+0x7e31bc]
V  [jvm.dll+0x3ec25f]
V  [jvm.dll+0x3edde1]
C  [jli.dll+0x5277]
C  [ucrtbase.dll+0x29363]
C  [KERNEL32.DLL+0x126ad]
C  [ntdll.dll+0x5a9f8]


---------------  P R O C E S S  ---------------

Threads class SMR info:
_java_thread_list=0x00007fff77744e98, length=0, elements={
}

Java Threads: ( => current thread )

Other Threads:
  0x000001a5fa45af60 GCTaskThread "GC Thread#0" [stack: 0x0000001e96100000,0x0000001e96200000] [id=9700]
  0x000001a5fa46d210 ConcurrentGCThread "G1 Main Marker" [stack: 0x0000001e96200000,0x0000001e96300000] [id=31124]
  0x000001a5fa46e3c0 ConcurrentGCThread "G1 Conc#0" [stack: 0x0000001e96300000,0x0000001e96400000] [id=1212]

[error occurred during error reporting (printing all threads), id 0xc0000005, EXCEPTION_ACCESS_VIOLATION (0xc0000005) at pc=0x00007fff76f1c047]

VM state: not at safepoint (not fully initialized)

VM Mutex/Monitor currently owned by a thread:  ([mutex/lock_event])
[0x000001a5fa3ec6b0] Heap_lock - owner thread: 0x000001a5fa3f11c0

Heap address: 0x0000000702000000, size: 4064 MB, Compressed Oops mode: Zero based, Oop shift amount: 3

CDS archive(s) mapped at: [0x0000000000000000-0x0000000000000000-0x0000000000000000), size 0, SharedBaseAddress: 0x0000000800000000, ArchiveRelocationMode: 0.
Narrow klass base: 0x0000000000000000, Narrow klass shift: 0, Narrow klass range: 0x0

GC Precious Log:
<Empty>

Heap:
 garbage-first heap   total 0K, used 0K [0x0000000702000000, 0x0000000800000000)
  region size 2048K, 0 young (0K), 0 survivors (0K)

[error occurred during error reporting (printing heap information), id 0xc0000005, EXCEPTION_ACCESS_VIOLATION (0xc0000005) at pc=0x00007fff77300699]

GC Heap History (0 events):
No events

Deoptimization events (0 events):
No events

Classes unloaded (0 events):
No events

Classes redefined (0 events):
No events

Internal exceptions (0 events):
No events

VM Operations (0 events):
No events

Events (1 events):
Event: 0.026 Loaded shared library C:\Users\User\.vscode\extensions\redhat.java-1.11.0-win32-x64\jre\17.0.4.1-win32-x86_64\bin\java.dll


Dynamic libraries:
0x00007ff6c5cd0000 - 0x00007ff6c5cde000 	C:\Users\User\.vscode\extensions\redhat.java-1.11.0-win32-x64\jre\17.0.4.1-win32-x86_64\bin\java.exe
0x00007ffff5c10000 - 0x00007ffff5e24000 	C:\WINDOWS\SYSTEM32\ntdll.dll
0x00007ffff3c90000 - 0x00007ffff3d52000 	C:\WINDOWS\System32\KERNEL32.DLL
0x00007ffff31d0000 - 0x00007ffff3573000 	C:\WINDOWS\System32\KERNELBASE.dll
0x00007ffff35f0000 - 0x00007ffff3701000 	C:\WINDOWS\System32\ucrtbase.dll
0x00007fffcfb80000 - 0x00007fffcfb99000 	C:\Users\User\.vscode\extensions\redhat.java-1.11.0-win32-x64\jre\17.0.4.1-win32-x86_64\bin\VCRUNTIME140.dll
0x00007fffcfaf0000 - 0x00007fffcfb08000 	C:\Users\User\.vscode\extensions\redhat.java-1.11.0-win32-x64\jre\17.0.4.1-win32-x86_64\bin\jli.dll
0x00007ffff3d80000 - 0x00007ffff3f2b000 	C:\WINDOWS\System32\USER32.dll
0x00007ffff3030000 - 0x00007ffff3056000 	C:\WINDOWS\System32\win32u.dll
0x00007ffff3b00000 - 0x00007ffff3b29000 	C:\WINDOWS\System32\GDI32.dll
0x00007ffff38f0000 - 0x00007ffff3a08000 	C:\WINDOWS\System32\gdi32full.dll
0x00007ffff3850000 - 0x00007ffff38ea000 	C:\WINDOWS\System32\msvcp_win.dll
0x00007fffd2360000 - 0x00007fffd25ee000 	C:\WINDOWS\WinSxS\amd64_microsoft.windows.common-controls_6595b64144ccf1df_6.0.22621.1635_none_270f70857386168e\COMCTL32.dll
0x00007ffff3b30000 - 0x00007ffff3bd7000 	C:\WINDOWS\System32\msvcrt.dll
0x00007ffff52e0000 - 0x00007ffff5311000 	C:\WINDOWS\System32\IMM32.DLL
0x00007fffe2ab0000 - 0x00007fffe2abc000 	C:\Users\User\.vscode\extensions\redhat.java-1.11.0-win32-x64\jre\17.0.4.1-win32-x86_64\bin\vcruntime140_1.dll
0x00007fffba8d0000 - 0x00007fffba961000 	C:\Users\User\.vscode\extensions\redhat.java-1.11.0-win32-x64\jre\17.0.4.1-win32-x86_64\bin\msvcp140.dll
0x00007fff76c30000 - 0x00007fff77876000 	C:\Users\User\.vscode\extensions\redhat.java-1.11.0-win32-x64\jre\17.0.4.1-win32-x86_64\bin\server\jvm.dll
0x00007ffff3f30000 - 0x00007ffff3fde000 	C:\WINDOWS\System32\ADVAPI32.dll
0x00007ffff58c0000 - 0x00007ffff5964000 	C:\WINDOWS\System32\sechost.dll
0x00007ffff4d40000 - 0x00007ffff4e57000 	C:\WINDOWS\System32\RPCRT4.dll
0x00007ffff4bc0000 - 0x00007ffff4bc8000 	C:\WINDOWS\System32\PSAPI.DLL
0x00007fffea4b0000 - 0x00007fffea4e4000 	C:\WINDOWS\SYSTEM32\WINMM.dll
0x00007fffe12a0000 - 0x00007fffe12aa000 	C:\WINDOWS\SYSTEM32\VERSION.dll
0x00007fffd6390000 - 0x00007fffd6399000 	C:\WINDOWS\SYSTEM32\WSOCK32.dll
0x00007ffff4c30000 - 0x00007ffff4ca1000 	C:\WINDOWS\System32\WS2_32.dll
0x00007ffff2040000 - 0x00007ffff2058000 	C:\WINDOWS\SYSTEM32\kernel.appcore.dll
0x00007fffe2a50000 - 0x00007fffe2a5a000 	C:\Users\User\.vscode\extensions\redhat.java-1.11.0-win32-x64\jre\17.0.4.1-win32-x86_64\bin\jimage.dll
0x00007ffff0a20000 - 0x00007ffff0c4e000 	C:\WINDOWS\SYSTEM32\DBGHELP.DLL
0x00007ffff5440000 - 0x00007ffff57c9000 	C:\WINDOWS\System32\combase.dll
0x00007ffff57d0000 - 0x00007ffff58a7000 	C:\WINDOWS\System32\OLEAUT32.dll
0x00007fffd95a0000 - 0x00007fffd95d2000 	C:\WINDOWS\SYSTEM32\dbgcore.DLL
0x00007ffff37d0000 - 0x00007ffff384b000 	C:\WINDOWS\System32\bcryptPrimitives.dll
0x00007fffcfaa0000 - 0x00007fffcfac5000 	C:\Users\User\.vscode\extensions\redhat.java-1.11.0-win32-x64\jre\17.0.4.1-win32-x86_64\bin\java.dll

dbghelp: loaded successfully - version: 4.0.5 - missing functions: none
symbol engine: initialized successfully - sym options: 0x614 - pdb path: .;C:\Users\User\.vscode\extensions\redhat.java-1.11.0-win32-x64\jre\17.0.4.1-win32-x86_64\bin;C:\WINDOWS\SYSTEM32;C:\WINDOWS\WinSxS\amd64_microsoft.windows.common-controls_6595b64144ccf1df_6.0.22621.1635_none_270f70857386168e;C:\Users\User\.vscode\extensions\redhat.java-1.11.0-win32-x64\jre\17.0.4.1-win32-x86_64\bin\server

VM Arguments:
jvm_args: -ea -XX:+ShowCodeDetailsInExceptionMessages -Dfile.encoding=UTF-8 
java_command: org.eclipse.jdt.internal.junit.runner.RemoteTestRunner -version 3 -port 50684 -testLoaderClass org.eclipse.jdt.internal.junit5.runner.JUnit5TestLoader -loaderpluginname org.eclipse.jdt.junit5.runtime -testNameFile C:\Users\User\AppData\Local\Temp\testNames15198642005510935115.txt
java_class_path (initial): c:\Users\User\Quick_Ref\Programming\SpringBoot\SpringWorkspace\hellospring\bin\main;c:\Users\User\Quick_Ref\Programming\SpringBoot\SpringWorkspace\hellospring\bin\test;\hellospring\bin\default;c:\Users\User\.gradle\caches\modules-2\files-2.1\org.springframework.boot\spring-boot-starter-thymeleaf\3.1.0\4a5c40234e5cccee3c479d874900ead1fe529bb4\spring-boot-starter-thymeleaf-3.1.0.jar;c:\Users\User\.gradle\caches\modules-2\files-2.1\org.springframework.boot\spring-boot-starter-web\3.1.0\36a8666047ea49114e0974bece35e2ef68cf975f\spring-boot-starter-web-3.1.0.jar;c:\Users\User\.gradle\caches\modules-2\files-2.1\org.springframework.boot\spring-boot-starter-json\3.1.0\546bd372bc070339c4255ed37f4f0ff5aafa2648\spring-boot-starter-json-3.1.0.jar;c:\Users\User\.gradle\caches\modules-2\files-2.1\org.springframework.boot\spring-boot-starter\3.1.0\2960a1f899f4ee3eb815dc85986b0428c1a5289f\spring-boot-starter-3.1.0.jar;c:\Users\User\.gradle\caches\modules-2\files-2.1\org.thymeleaf\thymeleaf-spring6\3.1.1.RELEASE\deb52ef921a4ac5132fedb7ebfc2bc1dad4382b3\thymeleaf-spring6-3.1.1.RELEASE.jar;c:\Users\User\.gradle\caches\modules-2\files-2.1\org.springframework.boot\spring-boot-starter-tomcat\3.1.0\e7ea53de5a58aaf63f0e3a80d438f7dfc0b9806b\spring-boot-starter-tomcat-3.1.0.jar;c:\Users\User\.gradle\caches\modules-2\files-2.1\org.springframework\spring-webmvc\6.0.9\e127c07a23403832d0c6292f4a0bf8c7a2b7329f\spring-webmvc-6.0.9.jar;c:\Users\User\.gradle\caches\modules-2\files-2.1\org.springframework\spring-web\6.0.9\2837dec8a75ecfdad367d6c30ce9cbdfc89caa7a\spring-web-6.0.9.jar;c:\Users\User\.gradle\caches\modules-2\files-2.1\org.springframework.boot\spring-boot-autoconfigure\3.1.0\b06d1f0b08f6f8a2636e364c8941b2dabc4f0b77\spring-boot-autoconfigure-3.1.0.jar;c:\Users\User\.gradle\caches\modules-2\files-2.1\org.springframework.boot\spring-boot\3.1.0\efa941e9a2162a3dd8c5e4679f46a24af9e5769f\spring-boot-3.1.0.jar;c:\Users\User\.gradle\caches\modules-2\files-2.1\org.spring
Launcher Type: SUN_STANDARD

[Global flags]
     intx CICompilerCount                          = 4                                         {product} {ergonomic}
     uint ConcGCThreads                            = 2                                         {product} {ergonomic}
     uint G1ConcRefinementThreads                  = 8                                         {product} {ergonomic}
   size_t G1HeapRegionSize                         = 2097152                                   {product} {ergonomic}
    uintx GCDrainStackTargetSize                   = 64                                        {product} {ergonomic}
   size_t InitialHeapSize                          = 266338304                                 {product} {ergonomic}
   size_t MarkStackSize                            = 4194304                                   {product} {ergonomic}
   size_t MaxHeapSize                              = 4261412864                                {product} {ergonomic}
   size_t MinHeapDeltaBytes                        = 2097152                                   {product} {ergonomic}
   size_t MinHeapSize                              = 8388608                                   {product} {ergonomic}
    uintx NonNMethodCodeHeapSize                   = 5839372                                {pd product} {ergonomic}
    uintx NonProfiledCodeHeapSize                  = 122909434                              {pd product} {ergonomic}
    uintx ProfiledCodeHeapSize                     = 122909434                              {pd product} {ergonomic}
    uintx ReservedCodeCacheSize                    = 251658240                              {pd product} {ergonomic}
     bool SegmentedCodeCache                       = true                                      {product} {ergonomic}
     bool ShowCodeDetailsInExceptionMessages       = true                                   {manageable} {command line}
   size_t SoftMaxHeapSize                          = 4261412864                             {manageable} {ergonomic}
     bool UseCompressedClassPointers               = true                           {product lp64_product} {ergonomic}
     bool UseCompressedOops                        = true                           {product lp64_product} {ergonomic}
     bool UseG1GC                                  = true                                      {product} {ergonomic}
     bool UseLargePagesIndividualAllocation        = false                                  {pd product} {ergonomic}

Logging:
Log output configuration:
 #0: stdout all=warning uptime,level,tags
 #1: stderr all=off uptime,level,tags

Environment Variables:
JAVA_HOME=C:\Program Files\Java\jdk-17
CLASSPATH=C:\Program Files\Java\jdk-17\lib
PATH=C:\Program Files (x86)\Intel\iCLS Client\;C:\Program Files\Intel\iCLS Client\;C:\WINDOWS\system32;C:\WINDOWS;C:\WINDOWS\System32\Wbem;C:\WINDOWS\System32\WindowsPowerShell\v1.0\;C:\Program Files\Intel\WiFi\bin\;C:\Program Files\Common Files\Intel\WirelessCommon\;C:\Program Files (x86)\Intel\Intel(R) Management Engine Components\DAL;C:\Program Files\Intel\Intel(R) Management Engine Components\DAL;C:\Program Files (x86)\Intel\Intel(R) Management Engine Components\IPT;C:\Program Files\Intel\Intel(R) Management Engine Components\IPT;C:\WINDOWS\System32\OpenSSH\;C:\Program Files\PuTTY\;C:\Users\User\anaconda3\;C:\Users\User\anaconda3\Library\bin\;C:\Users\User\anaconda3\Scripts\;C:\Program Files\dotnet\;C:\Program Files\Graphviz\bin\dot.exe;C:\Program Files\Java\jdk-17\bin;C:\Program Files\Java\scripts;C:\Program Files\Microsoft VS Code\bin;C:\Users\User\AppData\Local\Microsoft\WindowsApps;C:\Program Files\Intel\WiFi\bin\;C:\Program Files\Common Files\Intel\WirelessCommon\;C:\Users\User\AppData\Local\Microsoft\WindowsApps;C:\Program Files\Graphviz\bin
USERNAME=User
OS=Windows_NT
PROCESSOR_IDENTIFIER=Intel64 Family 6 Model 142 Stepping 10, GenuineIntel
TMP=C:\Users\User\AppData\Local\Temp
TEMP=C:\Users\User\AppData\Local\Temp



---------------  S Y S T E M  ---------------

OS:
 Windows 11 , 64 bit Build 22621 (10.0.22621.1635)
OS uptime: 8 days 1:49 hours
Hyper-V role detected

CPU: total 8 (initial active 8) (4 cores per cpu, 2 threads per core) family 6 model 142 stepping 10 microcode 0xe0, cx8, cmov, fxsr, ht, mmx, 3dnowpref, sse, sse2, sse3, ssse3, sse4.1, sse4.2, popcnt, lzcnt, tsc, tscinvbit, avx, avx2, aes, erms, clmul, bmi1, bmi2, adx, fma, vzeroupper, clflush, clflushopt, hv

Memory: 4k page, system-wide physical 16251M (8055M free)
TotalPageFile size 45967M (AvailPageFile size 224M)
current process WorkingSet (physical memory assigned to process): 11M, peak: 11M
current process commit charge ("private bytes"): 60M, peak: 314M

vm_info: OpenJDK 64-Bit Server VM (17.0.4.1+1) for windows-amd64 JRE (17.0.4.1+1), built on Aug 17 2022 07:42:43 by "temurin" with MS VC++ 16.7 (VS2019)

END.
